13 Nov 2023 13:42:25,193 WARN  [main] bootLogger     - Was not able to bind socket: { 0.0.0.0:1101, TCP, 1024 }
13 Nov 2023 13:42:25,194 WARN  [main] bootLogger     - Was not able to bind socket: { 0.0.0.0:1102, TCP, 1024 }
13 Nov 2023 13:42:25,200 ERROR [main] bootLogger     - No bound sockets! Check the boot logs for possible problems!
21 Nov 2023 13:25:51,552 INFO  [main] bootLogger     - BitZeroServer alpha
21 Nov 2023 13:25:51,554 INFO  [main] bootLogger     - BitZeroEngine version: alpha{ main }
21 Nov 2023 13:25:51,555 INFO  [main] bootLogger     - System Info:
	Processor(s): 12
	VM Max. memory: 3787MB
	os.name: Windows 10
	os.arch: amd64
	os.version: 10.0
	java.version: 1.8.0_382
	java.vendor: Amazon.com Inc.
	java.vendor.url: https://aws.amazon.com/corretto/
	java.vm.specification.version: 1.8
	java.vm.version: 25.382-b05
	java.vm.vendor: Amazon.com Inc.
	java.vm.name: OpenJDK 64-Bit Server VM
	java.io.tmpdir: C:\Users\CPU604~1\AppData\Local\Temp\
	Default charset: UTF-8

21 Nov 2023 13:25:51,580 INFO  [main] bootLogger     - Network Info:
	Card: Software Loopback Interface 1
		 ->127.0.0.1
		 ->0:0:0:0:0:0:0:1
	Card: WAN Miniport (PPPOE)
	Card: Microsoft 6to4 Adapter
	Card: WAN Miniport (SSTP)
	Card: Microsoft IP-HTTPS Platform Adapter
	Card: TP-Link Wireless MU-MIMO USB Adapter
	Card: WAN Miniport (IP)
	Card: WAN Miniport (IKEv2)
	Card: WAN Miniport (Network Monitor)
	Card: Microsoft Wi-Fi Direct Virtual Adapter
	Card: Microsoft Teredo Tunneling Adapter
	Card: WAN Miniport (IPv6)
	Card: Microsoft Kernel Debug Network Adapter
	Card: Realtek Gaming GbE Family Controller
		 ->172.28.62.91
		 ->fe80:0:0:0:750a:7ca4:5bb0:5e60%eth4
	Card: Microsoft Wi-Fi Direct Virtual Adapter #2
	Card: WAN Miniport (L2TP)
	Card: WAN Miniport (PPTP)
	Card: Realtek Gaming GbE Family Controller-WFP Native MAC Layer LightWeight Filter-0000
	Card: Realtek Gaming GbE Family Controller-QoS Packet Scheduler-0000
	Card: Realtek Gaming GbE Family Controller-WFP 802.3 MAC Layer LightWeight Filter-0000
	Card: WAN Miniport (IP)-WFP Native MAC Layer LightWeight Filter-0000
	Card: WAN Miniport (IP)-QoS Packet Scheduler-0000
	Card: WAN Miniport (IPv6)-WFP Native MAC Layer LightWeight Filter-0000
	Card: WAN Miniport (IPv6)-QoS Packet Scheduler-0000
	Card: WAN Miniport (Network Monitor)-WFP Native MAC Layer LightWeight Filter-0000
	Card: WAN Miniport (Network Monitor)-QoS Packet Scheduler-0000

21 Nov 2023 13:25:51,582 INFO  [main] bootLogger     - Session manager ready: bitzero.engine.sessions.DefaultSessionManager@17579e0f
21 Nov 2023 13:25:51,632 INFO  [main] bootLogger     - TCP Selector opened
21 Nov 2023 13:25:51,637 INFO  [main] bootLogger     - AcceptSelector opened
21 Nov 2023 13:25:51,639 INFO  [main] bootLogger     - Added bound tcp socket --> 0.0.0.0:1101
21 Nov 2023 13:25:51,670 INFO  [main] bootLogger     - Added bound tcp socket --> 0.0.0.0:1102
21 Nov 2023 13:25:51,672 INFO  [Scheduler1-thread-1] bootLogger     - Scheduler started: scheduler
21 Nov 2023 13:25:51,673 INFO  [main] bootLogger     - Controller started: bitzero.server.controllers.SystemController -- Queue: 0/20000
21 Nov 2023 13:25:51,673 INFO  [main] bootLogger     - Controller started: bitzero.server.controllers.ExtensionController -- Queue: 0/20000
21 Nov 2023 13:25:51,674 INFO  [main] bootLogger     - EngineAcceptor initialized
21 Nov 2023 13:25:51,674 INFO  [main] bootLogger     - Socket Writer started (pool size:4)
21 Nov 2023 13:25:51,675 INFO  [main] bootLogger     - Security Manager started
21 Nov 2023 13:25:51,677 INFO  [main] bootLogger     - IOHandler: null
21 Nov 2023 13:25:51,677 INFO  [main] bootLogger     - EngineReader started
21 Nov 2023 13:25:51,677 INFO  [main] bootLogger     - [[[ ===--- Boot sequence complete ---=== ]]]
